2021-10-16 22:33:57,247 - instabot version: 0.117.0 (bot) - INFO - Instabot version: 0.117.0 Started
2021-10-16 22:33:57,247 - instabot version: 0.117.0 (bot) - DEBUG - Bot imported from C:\Users\jo\AppData\Local\Packages\PythonSoftwareFoundation.Python.3.8_qbz5n2kfra8p0\LocalCache\local-packages\Python38\site-packages\instabot\bot\bot.py
2021-10-16 22:33:57,247 - instabot version: 0.117.0 (api_login) - INFO - Not yet logged in starting: PRE-LOGIN FLOW!
2021-10-16 22:33:57,610 - instabot version: 0.117.0 (api) - DEBUG - POST to endpoint: accounts/get_prefill_candidates/ returned response: <Response [200]>
2021-10-16 22:33:57,970 - instabot version: 0.117.0 (api) - DEBUG - POST to endpoint: qe/sync/ returned response: <Response [200]>
2021-10-16 22:33:58,319 - instabot version: 0.117.0 (api) - DEBUG - POST to endpoint: launcher/sync/ returned response: <Response [200]>
2021-10-16 22:33:58,641 - instabot version: 0.117.0 (api) - DEBUG - POST to endpoint: accounts/contact_point_prefill/ returned response: <Response [200]>
2021-10-16 22:34:02,541 - instabot version: 0.117.0 (api) - DEBUG - POST to endpoint: accounts/login/ returned response: <Response [200]>
2021-10-16 22:34:02,568 - instabot version: 0.117.0 (api) - INFO - Logged-in successfully as 'love_adctt'!
2021-10-16 22:34:02,568 - instabot version: 0.117.0 (api_login) - INFO - LOGIN FLOW! Just logged-in: True
2021-10-16 22:34:02,995 - instabot version: 0.117.0 (api) - DEBUG - POST to endpoint: qe/sync/ returned response: <Response [200]>
2021-10-16 22:34:03,447 - instabot version: 0.117.0 (api) - DEBUG - POST to endpoint: launcher/sync/ returned response: <Response [200]>
2021-10-16 22:34:03,802 - instabot version: 0.117.0 (api) - DEBUG - GET to endpoint: zr/token/result/?device_id=android-c320d3fc8ff7a170&token_hash=&custom_device_id=android-c320d3fc8ff7a170&fetch_reason=token_expired returned response: <Response [200]>
2021-10-16 22:34:04,288 - instabot version: 0.117.0 (api) - DEBUG - GET to endpoint: multiple_accounts/get_account_family/ returned response: <Response [200]>
2021-10-16 22:34:04,643 - instabot version: 0.117.0 (api) - DEBUG - POST to endpoint: qe/sync/ returned response: <Response [200]>
2021-10-16 22:34:06,164 - instabot version: 0.117.0 (api) - DEBUG - GET to endpoint: igtv/browse_feed/?prefetch=1 returned response: <Response [200]>
2021-10-16 22:34:06,505 - instabot version: 0.117.0 (api) - DEBUG - POST to endpoint: creatives/ar_class/ returned response: <Response [200]>
2021-10-16 22:34:08,239 - instabot version: 0.117.0 (api) - DEBUG - POST to endpoint: feed/reels_tray/ returned response: <Response [200]>
2021-10-16 22:34:10,613 - instabot version: 0.117.0 (api) - DEBUG - POST to endpoint: feed/timeline/ returned response: <Response [200]>
2021-10-16 22:34:10,971 - instabot version: 0.117.0 (api) - DEBUG - GET to endpoint: media/blocked/ returned response: <Response [200]>
2021-10-16 22:34:12,641 - instabot version: 0.117.0 (api) - DEBUG - GET to endpoint: news/inbox/ returned response: <Response [200]>
2021-10-16 22:34:13,147 - instabot version: 0.117.0 (api) - DEBUG - GET to endpoint: loom/fetch_config/ returned response: <Response [200]>
2021-10-16 22:34:14,029 - instabot version: 0.117.0 (api) - DEBUG - GET to endpoint: scores/bootstrap/users/?surfaces=["autocomplete_user_list","coefficient_besties_list_ranking","coefficient_rank_recipient_user_suggestion","coefficient_ios_section_test_bootstrap_ranking","coefficient_direct_recipients_ranking_variant_2"] returned response: <Response [200]>
2021-10-16 22:34:14,552 - instabot version: 0.117.0 (api) - DEBUG - GET to endpoint: business/eligibility/get_monetization_products_eligibility_data/?product_types=branded_content returned response: <Response [200]>
2021-10-16 22:34:14,909 - instabot version: 0.117.0 (api) - DEBUG - GET to endpoint: business/branded_content/should_require_professional_account/ returned response: <Response [200]>
2021-10-16 22:34:15,254 - instabot version: 0.117.0 (api) - DEBUG - GET to endpoint: linked_accounts/get_linkage_status/ returned response: <Response [200]>
2021-10-16 22:34:15,610 - instabot version: 0.117.0 (api) - DEBUG - GET to endpoint: locations/request_country/ returned response: <Response [200]>
2021-10-16 22:34:15,976 - instabot version: 0.117.0 (api) - DEBUG - GET to endpoint: qp/get_cooldowns/?signed_body=signed_body=4b9c516a5410a3bc128e09c6104a7f042146b9c2023870560c63a43a7f66781c.4&ig_sig_key_version=4&ig_sig_key_version=4 returned response: <Response [200]>
2021-10-16 22:34:16,366 - instabot version: 0.117.0 (api) - DEBUG - GET to endpoint: users/arlink_download_info/?version_override=2.2.1 returned response: <Response [200]>
2021-10-16 22:34:17,724 - instabot version: 0.117.0 (api) - DEBUG - GET to endpoint: users/43011028839/info/ returned response: <Response [200]>
2021-10-16 22:34:18,101 - instabot version: 0.117.0 (api) - DEBUG - GET to endpoint: direct_v2/get_presence/ returned response: <Response [200]>
2021-10-16 22:34:19,552 - instabot version: 0.117.0 (api) - DEBUG - GET to endpoint: direct_v2/inbox/?visual_message_return_type=unseen&thread_message_limit=10&persistentBadging=true&limit=20 returned response: <Response [200]>
2021-10-16 22:34:20,093 - instabot version: 0.117.0 (api) - DEBUG - GET to endpoint: direct_v2/inbox/?visual_message_return_type=unseen&persistentBadging=true&limit=0 returned response: <Response [200]>
2021-10-16 22:34:23,336 - instabot version: 0.117.0 (api) - DEBUG - GET to endpoint: discover/topical_explore/?is_prefetch=true&omit_cover_media=true&use_sectional_payload=true&timezone_offset=0&session_id=03fdd55d-eb37-41fd-940d-9fe46b472aec&include_fixed_destinations=true returned response: <Response [200]>
2021-10-16 22:34:23,810 - instabot version: 0.117.0 (api) - DEBUG - POST to endpoint: notifications/badge/ returned response: <Response [200]>
2021-10-16 22:34:24,724 - instabot version: 0.117.0 (api) - DEBUG - POST to endpoint: qp/batch_fetch/ returned response: <Response [200]>
2021-10-16 22:34:24,727 - instabot version: 0.117.0 (bot_checkpoint) - DEBUG - Loading Checkpoint file from: C:\Users\jo\PycharmProjects\test1\Python Automation/config/love_adctt.checkpoint
2021-10-16 22:34:25,331 - instabot version: 0.117.0 (api) - DEBUG - GET to endpoint: users/yaaahko/usernameinfo/ returned response: <Response [200]>
2021-10-16 22:34:25,689 - instabot version: 0.117.0 (bot_follow) - INFO - Going to follow `user_id` 28716604087.
2021-10-16 22:34:25,689 - instabot version: 0.117.0 (api) - DEBUG - post data: {"user_id": "28716604087", "radio_type": "wifi-none", "device_id": "android-c320d3fc8ff7a170", "_uuid": "38f6dcb4-652f-45a0-9168-cf27b25bd87b", "_uid": "43011028839", "_csrftoken": "ZGceFi74dV1HwqjXWtiYk1soEFZ3w8rS"}
2021-10-16 22:34:27,544 - instabot version: 0.117.0 (api) - DEBUG - POST to endpoint: friendships/create/28716604087/ returned response: <Response [200]>
2021-10-16 22:34:27,544 - instabot version: 0.117.0 (bot_follow) - INFO - Followed `user_id` 28716604087.
2021-10-16 22:34:29,602 - instabot version: 0.117.0 (api) - DEBUG - GET to endpoint: users/43011028839/info/ returned response: <Response [200]>
2021-10-16 22:34:30,289 - instabot version: 0.117.0 (api) - DEBUG - GET to endpoint: friendships/43011028839/following/?max_id=&ig_sig_key_version=4&rank_token=43011028839_38f6dcb4-652f-45a0-9168-cf27b25bd87b returned response: <Response [200]>
2021-10-16 22:34:30,307 - instabot version: 0.117.0 (bot_checkpoint) - DEBUG - Saving Checkpoint file to: C:\Users\jo\PycharmProjects\test1\Python Automation/config/love_adctt.checkpoint
2021-10-16 22:34:30,308 - instabot version: 0.117.0 (bot) - INFO - Total follows: 1/89
2021-10-16 22:34:30,308 - instabot version: 0.117.0 (bot) - INFO - Total requests: 35
